Assembler report for glue_riscv_32k
Tue Nov 19 21:54:01 2019
Quartus Prime Version 18.1.0 Build 625 09/12/2018 SJ Lite Edition


---------------------
; Table of Contents ;
---------------------
  1. Legal Notice
  2. Assembler Summary
  3. Assembler Settings
  4. Assembler Generated Files
  5. Assembler Device Options: C:/Users/Dan/Documents/f32c/rtl/proj/altera/de10-nano/bram/glue_riscv_32k.sof
  6. Assembler Messages



----------------
; Legal Notice ;
----------------
Copyright (C) 2018  Intel Corporation. All rights reserved.
Your use of Intel Corporation's design tools, logic functions 
and other software and tools, and its AMPP partner logic 
functions, and any output files from any of the foregoing 
(including device programming or simulation files), and any 
associated documentation or information are expressly subject 
to the terms and conditions of the Intel Program License 
Subscription Agreement, the Intel Quartus Prime License Agreement,
the Intel FPGA IP License Agreement, or other applicable license
agreement, including, without limitation, that your use is for
the sole purpose of programming logic devices manufactured by
Intel and sold by Intel or its authorized distributors.  Please
refer to the applicable agreement for further details.



+---------------------------------------------------------------+
; Assembler Summary                                             ;
+-----------------------+---------------------------------------+
; Assembler Status      ; Successful - Tue Nov 19 21:54:01 2019 ;
; Revision Name         ; glue_riscv_32k                        ;
; Top-level Entity Name ; glue                                  ;
; Family                ; Cyclone V                             ;
; Device                ; 5CSEBA6U23I7                          ;
+-----------------------+---------------------------------------+


+----------------------------------+
; Assembler Settings               ;
+--------+---------+---------------+
; Option ; Setting ; Default Value ;
+--------+---------+---------------+


+-------------------------------------------------------------------------------+
; Assembler Generated Files                                                     ;
+-------------------------------------------------------------------------------+
; File Name                                                                     ;
+-------------------------------------------------------------------------------+
; C:/Users/Dan/Documents/f32c/rtl/proj/altera/de10-nano/bram/glue_riscv_32k.sof ;
+-------------------------------------------------------------------------------+


+---------------------------------------------------------------------------------------------------------+
; Assembler Device Options: C:/Users/Dan/Documents/f32c/rtl/proj/altera/de10-nano/bram/glue_riscv_32k.sof ;
+----------------+----------------------------------------------------------------------------------------+
; Option         ; Setting                                                                                ;
+----------------+----------------------------------------------------------------------------------------+
; JTAG usercode  ; 0x01A69A5E                                                                             ;
; Checksum       ; 0x01A69A5E                                                                             ;
+----------------+----------------------------------------------------------------------------------------+


+--------------------+
; Assembler Messages ;
+--------------------+
Info: *******************************************************************
Info: Running Quartus Prime Assembler
    Info: Version 18.1.0 Build 625 09/12/2018 SJ Lite Edition
    Info: Processing started: Tue Nov 19 21:53:45 2019
Info: Command: quartus_asm --read_settings_files=off --write_settings_files=off de10_bram -c glue_riscv_32k
Info (115030): Assembler is generating device programming files
Info: Quartus Prime Assembler was successful. 0 errors, 0 warnings
    Info: Peak virtual memory: 743 megabytes
    Info: Processing ended: Tue Nov 19 21:54:01 2019
    Info: Elapsed time: 00:00:16
    Info: Total CPU time (on all processors): 00:00:13


